# JRE version: OpenJDK Runtime Environment (16.0.1+9) (build 16.0.1+9-24)
# Java VM: OpenJDK 64-Bit Server VM (16.0.1+9-24, mixed mode, tiered, compressed oops, compressed class ptrs, g1 gc, windows-amd64)
GC Precious Log:
 CPUs: 4 total, 4 available
 Memory: 4000M
 Large Page Support: Disabled
 NUMA Support: Disabled
 Compressed Oops: Enabled (32-bit)
 Heap Region Size: 1M
 Heap Min Capacity: 8M
 Heap Initial Capacity: 64M
 Heap Max Capacity: 1002M
 Pre-touch: Disabled
 Parallel Workers: 4
 Concurrent Workers: 1
 Concurrent Refinement Workers: 4
 Periodic GC: Disabled
Heap:
 garbage-first heap   total 40960K, used 23137K [0x00000000c1600000, 0x0000000100000000)
  region size 1024K, 15 young (15360K), 2 survivors (2048K)
 Metaspace       used 27271K, committed 27584K, reserved 1081344K
  class space    used 3216K, committed 3392K, reserved 1048576K
GC Heap History (14 events):
Event: 2.158 GC heap before
{Heap before GC invocations=0 (full 0):
 garbage-first heap   total 65536K, used 14336K [0x00000000c1600000, 0x0000000100000000)
  region size 1024K, 13 young (13312K), 0 survivors (0K)
 Metaspace       used 13073K, committed 13312K, reserved 1064960K
  class space    used 1337K, committed 1472K, reserved 1048576K
}
Event: 2.172 GC heap after
{Heap after GC invocations=1 (full 0):
 garbage-first heap   total 65536K, used 5951K [0x00000000c1600000, 0x0000000100000000)
  region size 1024K, 2 young (2048K), 2 survivors (2048K)
 Metaspace       used 13073K, committed 13312K, reserved 1064960K
  class space    used 1337K, committed 1472K, reserved 1048576K
}
Event: 3.659 GC heap before
{Heap before GC invocations=1 (full 0):
 garbage-first heap   total 65536K, used 12095K [0x00000000c1600000, 0x0000000100000000)
  region size 1024K, 9 young (9216K), 2 survivors (2048K)
 Metaspace       used 15207K, committed 15424K, reserved 1064960K
  class space    used 1592K, committed 1728K, reserved 1048576K
}
Event: 3.671 GC heap after
{Heap after GC invocations=2 (full 0):
 garbage-first heap   total 65536K, used 7378K [0x00000000c1600000, 0x0000000100000000)
  region size 1024K, 2 young (2048K), 2 survivors (2048K)
 Metaspace       used 15207K, committed 15424K, reserved 1064960K
  class space    used 1592K, committed 1728K, reserved 1048576K
}
Event: 5.418 GC heap before
{Heap before GC invocations=2 (full 0):
 garbage-first heap   total 65536K, used 27858K [0x00000000c1600000, 0x0000000100000000)
  region size 1024K, 22 young (22528K), 2 survivors (2048K)
 Metaspace       used 20234K, committed 20480K, reserved 1073152K
  class space    used 2322K, committed 2432K, reserved 1048576K
}
Event: 5.426 GC heap after
{Heap after GC invocations=3 (full 0):
 garbage-first heap   total 65536K, used 9102K [0x00000000c1600000, 0x0000000100000000)
  region size 1024K, 3 young (3072K), 3 survivors (3072K)
 Metaspace       used 20234K, committed 20480K, reserved 1073152K
  class space    used 2322K, committed 2432K, reserved 1048576K
}
Event: 5.880 GC heap before
{Heap before GC invocations=3 (full 0):
 garbage-first heap   total 65536K, used 12174K [0x00000000c1600000, 0x0000000100000000)
  region size 1024K, 7 young (7168K), 3 survivors (3072K)
 Metaspace       used 21050K, committed 21248K, reserved 1073152K
  class space    used 2412K, committed 2496K, reserved 1048576K
}
Event: 5.886 GC heap after
{Heap after GC invocations=4 (full 0):
 garbage-first heap   total 65536K, used 9302K [0x00000000c1600000, 0x0000000100000000)
  region size 1024K, 2 young (2048K), 2 survivors (2048K)
 Metaspace       used 21050K, committed 21248K, reserved 1073152K
  class space    used 2412K, committed 2496K, reserved 1048576K
}
Event: 7.685 GC heap before
{Heap before GC invocations=5 (full 0):
 garbage-first heap   total 37888K, used 35926K [0x00000000c1600000, 0x0000000100000000)
  region size 1024K, 29 young (29696K), 2 survivors (2048K)
 Metaspace       used 24839K, committed 25152K, reserved 1073152K
  class space    used 2865K, committed 3008K, reserved 1048576K
}
Event: 7.692 GC heap after
{Heap after GC invocations=6 (full 0):
 garbage-first heap   total 40960K, used 10153K [0x00000000c1600000, 0x0000000100000000)
  region size 1024K, 3 young (3072K), 3 survivors (3072K)
 Metaspace       used 24839K, committed 25152K, reserved 1073152K
  class space    used 2865K, committed 3008K, reserved 1048576K
}
Event: 7.714 GC heap before
{Heap before GC invocations=6 (full 0):
 garbage-first heap   total 40960K, used 26537K [0x00000000c1600000, 0x0000000100000000)
  region size 1024K, 20 young (20480K), 3 survivors (3072K)
 Metaspace       used 24839K, committed 25152K, reserved 1073152K
  class space    used 2865K, committed 3008K, reserved 1048576K
}
Event: 7.720 GC heap after
{Heap after GC invocations=7 (full 0):
 garbage-first heap   total 40960K, used 10363K [0x00000000c1600000, 0x0000000100000000)
  region size 1024K, 2 young (2048K), 2 survivors (2048K)
 Metaspace       used 24839K, committed 25152K, reserved 1073152K
  class space    used 2865K, committed 3008K, reserved 1048576K
}
Event: 8.621 GC heap before
{Heap before GC invocations=7 (full 0):
 garbage-first heap   total 40960K, used 27771K [0x00000000c1600000, 0x0000000100000000)
  region size 1024K, 20 young (20480K), 2 survivors (2048K)
 Metaspace       used 26545K, committed 26880K, reserved 1073152K
  class space    used 3106K, committed 3264K, reserved 1048576K
}
Event: 8.626 GC heap after
{Heap after GC invocations=8 (full 0):
 garbage-first heap   total 40960K, used 10849K [0x00000000c1600000, 0x0000000100000000)
  region size 1024K, 2 young (2048K), 2 survivors (2048K)
 Metaspace       used 26545K, committed 26880K, reserved 1073152K
  class space    used 3106K, committed 3264K, reserved 1048576K
}

